<?xml version="1.0" encoding="UTF-8"?>
<!-- Generated by org.testng.reporters.JUnitXMLReporter -->
<testsuite hostname="Susmitha" name="Default test" tests="4" failures="0" timestamp="3 Oct 2016 07:46:29 GMT" time="43.901" errors="0">
  <testcase name="validateHomePage" time="11.929" classname="com.wirecard.ntltaxi.testcases.HomePageTest"/>
  <testcase name="validateHomePage" time="3.007" classname="com.wirecard.ntltaxi.testcases.HomePageTest"/>
  <testcase name="validateHomePage" time="3.532" classname="com.wirecard.ntltaxi.testcases.HomePageTest"/>
  <testcase name="validateHomePage" time="3.202" classname="com.wirecard.ntltaxi.testcases.HomePageTest"/>
</testsuite> <!-- Default test -->
